# JRE version: OpenJDK Runtime Environment (21.0.5) (build 21.0.5+-13047016-b750.29)
# Java VM: OpenJDK 64-Bit Server VM (21.0.5+-13047016-b750.29, mixed mode, tiered, compressed oops, compressed class ptrs, g1 gc, windows-amd64)
GC Precious Log:
 CardTable entry size: 512
 Card Set container configuration: InlinePtr #cards 5 size 8 Array Of Cards #cards 12 size 40 Howl #buckets 4 coarsen threshold 1843 Howl Bitmap #cards 512 size 80 coarsen threshold 460 Card regions per heap region 1 cards per card region 2048
 CPUs: 8 total, 8 available
 Memory: 20220M
 Large Page Support: Disabled
 NUMA Support: Disabled
 Compressed Oops: Enabled (32-bit)
 Heap Region Size: 1M
 Heap Min Capacity: 8M
 Heap Initial Capacity: 316M
 Heap Max Capacity: 2G
 Pre-touch: Disabled
 Parallel Workers: 8
 Concurrent Workers: 2
 Concurrent Refinement Workers: 8
 Periodic GC: Disabled
Heap:
 garbage-first heap   total 109568K, used 99427K [0x0000000080000000, 0x0000000100000000)
  region size 1024K, 35 young (35840K), 5 survivors (5120K)
 Metaspace       used 69449K, committed 71168K, reserved 1114112K
  class space    used 9418K, committed 10304K, reserved 1048576K
GC Heap History (20 events):
Event: 8.213 GC heap after
{Heap after GC invocations=12 (full 0):
 garbage-first heap   total 88064K, used 35447K [0x0000000080000000, 0x0000000100000000)
  region size 1024K, 4 young (4096K), 4 survivors (4096K)
 Metaspace       used 50366K, committed 51840K, reserved 1114112K
  class space    used 6826K, committed 7552K, reserved 1048576K
}
Event: 8.963 GC heap before
{Heap before GC invocations=12 (full 0):
 garbage-first heap   total 88064K, used 77431K [0x0000000080000000, 0x0000000100000000)
  region size 1024K, 43 young (44032K), 4 survivors (4096K)
 Metaspace       used 56292K, committed 57792K, reserved 1114112K
  class space    used 7573K, committed 8320K, reserved 1048576K
}
Event: 8.967 GC heap after
{Heap after GC invocations=13 (full 0):
 garbage-first heap   total 88064K, used 36415K [0x0000000080000000, 0x0000000100000000)
  region size 1024K, 5 young (5120K), 5 survivors (5120K)
 Metaspace       used 56292K, committed 57792K, reserved 1114112K
  class space    used 7573K, committed 8320K, reserved 1048576K
}
Event: 9.448 GC heap before
{Heap before GC invocations=13 (full 0):
 garbage-first heap   total 88064K, used 54847K [0x0000000080000000, 0x0000000100000000)
  region size 1024K, 24 young (24576K), 5 survivors (5120K)
 Metaspace       used 58736K, committed 60288K, reserved 1114112K
  class space    used 7934K, committed 8704K, reserved 1048576K
}
Event: 9.453 GC heap after
{Heap after GC invocations=14 (full 0):
 garbage-first heap   total 88064K, used 37858K [0x0000000080000000, 0x0000000100000000)
  region size 1024K, 3 young (3072K), 3 survivors (3072K)
 Metaspace       used 58736K, committed 60288K, reserved 1114112K
  class space    used 7934K, committed 8704K, reserved 1048576K
}
Event: 10.724 GC heap before
{Heap before GC invocations=15 (full 0):
 garbage-first heap   total 88064K, used 78818K [0x0000000080000000, 0x0000000100000000)
  region size 1024K, 43 young (44032K), 3 survivors (3072K)
 Metaspace       used 63559K, committed 65216K, reserved 1114112K
  class space    used 8717K, committed 9536K, reserved 1048576K
}
Event: 10.729 GC heap after
{Heap after GC invocations=16 (full 0):
 garbage-first heap   total 88064K, used 41413K [0x0000000080000000, 0x0000000100000000)
  region size 1024K, 6 young (6144K), 6 survivors (6144K)
 Metaspace       used 63559K, committed 65216K, reserved 1114112K
  class space    used 8717K, committed 9536K, reserved 1048576K
}
Event: 11.559 GC heap before
{Heap before GC invocations=16 (full 0):
 garbage-first heap   total 88064K, used 76229K [0x0000000080000000, 0x0000000100000000)
  region size 1024K, 40 young (40960K), 6 survivors (6144K)
 Metaspace       used 66078K, committed 67840K, reserved 1114112K
  class space    used 9038K, committed 9920K, reserved 1048576K
}
Event: 11.568 GC heap after
{Heap after GC invocations=17 (full 0):
 garbage-first heap   total 89088K, used 47104K [0x0000000080000000, 0x0000000100000000)
  region size 1024K, 5 young (5120K), 5 survivors (5120K)
 Metaspace       used 66078K, committed 67840K, reserved 1114112K
  class space    used 9038K, committed 9920K, reserved 1048576K
}
Event: 13.332 GC heap before
{Heap before GC invocations=17 (full 0):
 garbage-first heap   total 89088K, used 76800K [0x0000000080000000, 0x0000000100000000)
  region size 1024K, 35 young (35840K), 5 survivors (5120K)
 Metaspace       used 66411K, committed 68096K, reserved 1114112K
  class space    used 9053K, committed 9920K, reserved 1048576K
}
Event: 13.340 GC heap after
{Heap after GC invocations=18 (full 0):
 garbage-first heap   total 107520K, used 50850K [0x0000000080000000, 0x0000000100000000)
  region size 1024K, 4 young (4096K), 4 survivors (4096K)
 Metaspace       used 66411K, committed 68096K, reserved 1114112K
  class space    used 9053K, committed 9920K, reserved 1048576K
}
Event: 15.279 GC heap before
{Heap before GC invocations=19 (full 0):
 garbage-first heap   total 107520K, used 91810K [0x0000000080000000, 0x0000000100000000)
  region size 1024K, 45 young (46080K), 4 survivors (4096K)
 Metaspace       used 66834K, committed 68480K, reserved 1114112K
  class space    used 9088K, committed 9920K, reserved 1048576K
}
Event: 15.284 GC heap after
{Heap after GC invocations=20 (full 0):
 garbage-first heap   total 107520K, used 53320K [0x0000000080000000, 0x0000000100000000)
  region size 1024K, 6 young (6144K), 6 survivors (6144K)
 Metaspace       used 66834K, committed 68480K, reserved 1114112K
  class space    used 9088K, committed 9920K, reserved 1048576K
}
Event: 16.936 GC heap before
{Heap before GC invocations=20 (full 0):
 garbage-first heap   total 107520K, used 92232K [0x0000000080000000, 0x0000000100000000)
  region size 1024K, 45 young (46080K), 6 survivors (6144K)
 Metaspace       used 66938K, committed 68608K, reserved 1114112K
  class space    used 9088K, committed 9920K, reserved 1048576K
}
Event: 16.940 GC heap after
{Heap after GC invocations=21 (full 0):
 garbage-first heap   total 107520K, used 52979K [0x0000000080000000, 0x0000000100000000)
  region size 1024K, 5 young (5120K), 5 survivors (5120K)
 Metaspace       used 66938K, committed 68608K, reserved 1114112K
  class space    used 9088K, committed 9920K, reserved 1048576K
}
Event: 18.341 GC heap before
{Heap before GC invocations=21 (full 0):
 garbage-first heap   total 107520K, used 92915K [0x0000000080000000, 0x0000000100000000)
  region size 1024K, 45 young (46080K), 5 survivors (5120K)
 Metaspace       used 66962K, committed 68672K, reserved 1114112K
  class space    used 9089K, committed 9920K, reserved 1048576K
}
Event: 18.345 GC heap after
{Heap after GC invocations=22 (full 0):
 garbage-first heap   total 107520K, used 54308K [0x0000000080000000, 0x0000000100000000)
  region size 1024K, 5 young (5120K), 5 survivors (5120K)
 Metaspace       used 66962K, committed 68672K, reserved 1114112K
  class space    used 9089K, committed 9920K, reserved 1048576K
}
Event: 20.788 GC heap before
{Heap before GC invocations=23 (full 0):
 garbage-first heap   total 107520K, used 98340K [0x0000000080000000, 0x0000000100000000)
  region size 1024K, 43 young (44032K), 5 survivors (5120K)
 Metaspace       used 67485K, committed 69248K, reserved 1114112K
  class space    used 9175K, committed 10048K, reserved 1048576K
}
Event: 20.793 GC heap after
{Heap after GC invocations=24 (full 0):
 garbage-first heap   total 108544K, used 63587K [0x0000000080000000, 0x0000000100000000)
  region size 1024K, 6 young (6144K), 6 survivors (6144K)
 Metaspace       used 67485K, committed 69248K, reserved 1114112K
  class space    used 9175K, committed 10048K, reserved 1048576K
}
Event: 22.692 GC heap before
{Heap before GC invocations=24 (full 0):
 garbage-first heap   total 108544K, used 98403K [0x0000000080000000, 0x0000000100000000)
  region size 1024K, 36 young (36864K), 6 survivors (6144K)
 Metaspace       used 69449K, committed 71168K, reserved 1114112K
  class space    used 9418K, committed 10304K, reserved 1048576K
}

