# JRE version: OpenJDK Runtime Environment (21.0.5) (build 21.0.5+-13047016-b750.29)
# Java VM: OpenJDK 64-Bit Server VM (21.0.5+-13047016-b750.29, mixed mode, tiered, compressed oops, compressed class ptrs, g1 gc, windows-amd64)
GC Precious Log:
 CardTable entry size: 512
 Card Set container configuration: InlinePtr #cards 5 size 8 Array Of Cards #cards 12 size 40 Howl #buckets 4 coarsen threshold 1843 Howl Bitmap #cards 512 size 80 coarsen threshold 460 Card regions per heap region 1 cards per card region 2048
 CPUs: 8 total, 8 available
 Memory: 20220M
 Large Page Support: Disabled
 NUMA Support: Disabled
 Compressed Oops: Enabled (32-bit)
 Heap Region Size: 1M
 Heap Min Capacity: 8M
 Heap Initial Capacity: 316M
 Heap Max Capacity: 2G
 Pre-touch: Disabled
 Parallel Workers: 8
 Concurrent Workers: 2
 Concurrent Refinement Workers: 8
 Periodic GC: Disabled
Heap:
 garbage-first heap   total 208896K, used 140725K [0x0000000080000000, 0x0000000100000000)
  region size 1024K, 20 young (20480K), 7 survivors (7168K)
 Metaspace       used 100522K, committed 102656K, reserved 1179648K
  class space    used 13422K, committed 14528K, reserved 1048576K
GC Heap History (20 events):
Event: 62.033 GC heap before
{Heap before GC invocations=28 (full 0):
 garbage-first heap   total 157696K, used 140494K [0x0000000080000000, 0x0000000100000000)
  region size 1024K, 51 young (52224K), 5 survivors (5120K)
 Metaspace       used 73343K, committed 75200K, reserved 1114112K
  class space    used 9955K, committed 10880K, reserved 1048576K
}
Event: 62.039 GC heap after
{Heap after GC invocations=29 (full 0):
 garbage-first heap   total 157696K, used 93417K [0x0000000080000000, 0x0000000100000000)
  region size 1024K, 5 young (5120K), 5 survivors (5120K)
 Metaspace       used 73343K, committed 75200K, reserved 1114112K
  class space    used 9955K, committed 10880K, reserved 1048576K
}
Event: 62.784 GC heap before
{Heap before GC invocations=29 (full 0):
 garbage-first heap   total 157696K, used 141545K [0x0000000080000000, 0x0000000100000000)
  region size 1024K, 53 young (54272K), 5 survivors (5120K)
 Metaspace       used 73347K, committed 75200K, reserved 1114112K
  class space    used 9955K, committed 10880K, reserved 1048576K
}
Event: 62.789 GC heap after
{Heap after GC invocations=30 (full 0):
 garbage-first heap   total 157696K, used 94703K [0x0000000080000000, 0x0000000100000000)
  region size 1024K, 5 young (5120K), 5 survivors (5120K)
 Metaspace       used 73347K, committed 75200K, reserved 1114112K
  class space    used 9955K, committed 10880K, reserved 1048576K
}
Event: 82.142 GC heap before
{Heap before GC invocations=31 (full 0):
 garbage-first heap   total 158720K, used 152047K [0x0000000080000000, 0x0000000100000000)
  region size 1024K, 52 young (53248K), 5 survivors (5120K)
 Metaspace       used 73997K, committed 75904K, reserved 1114112K
  class space    used 10049K, committed 11008K, reserved 1048576K
}
Event: 82.150 GC heap after
{Heap after GC invocations=32 (full 0):
 garbage-first heap   total 165888K, used 111164K [0x0000000080000000, 0x0000000100000000)
  region size 1024K, 7 young (7168K), 7 survivors (7168K)
 Metaspace       used 73997K, committed 75904K, reserved 1114112K
  class space    used 10049K, committed 11008K, reserved 1048576K
}
Event: 84.808 GC heap before
{Heap before GC invocations=32 (full 0):
 garbage-first heap   total 165888K, used 148028K [0x0000000080000000, 0x0000000100000000)
  region size 1024K, 43 young (44032K), 7 survivors (7168K)
 Metaspace       used 76885K, committed 78784K, reserved 1179648K
  class space    used 10391K, committed 11328K, reserved 1048576K
}
Event: 84.813 GC heap after
{Heap after GC invocations=33 (full 0):
 garbage-first heap   total 165888K, used 113018K [0x0000000080000000, 0x0000000100000000)
  region size 1024K, 3 young (3072K), 3 survivors (3072K)
 Metaspace       used 76885K, committed 78784K, reserved 1179648K
  class space    used 10391K, committed 11328K, reserved 1048576K
}
Event: 85.201 GC heap before
{Heap before GC invocations=33 (full 0):
 garbage-first heap   total 165888K, used 147834K [0x0000000080000000, 0x0000000100000000)
  region size 1024K, 38 young (38912K), 3 survivors (3072K)
 Metaspace       used 81017K, committed 82944K, reserved 1179648K
  class space    used 10758K, committed 11712K, reserved 1048576K
}
Event: 85.206 GC heap after
{Heap after GC invocations=34 (full 0):
 garbage-first heap   total 165888K, used 113674K [0x0000000080000000, 0x0000000100000000)
  region size 1024K, 3 young (3072K), 3 survivors (3072K)
 Metaspace       used 81017K, committed 82944K, reserved 1179648K
  class space    used 10758K, committed 11712K, reserved 1048576K
}
Event: 85.878 GC heap before
{Heap before GC invocations=35 (full 0):
 garbage-first heap   total 191488K, used 155658K [0x0000000080000000, 0x0000000100000000)
  region size 1024K, 40 young (40960K), 3 survivors (3072K)
 Metaspace       used 84809K, committed 86848K, reserved 1179648K
  class space    used 11326K, committed 12352K, reserved 1048576K
}
Event: 85.886 GC heap after
{Heap after GC invocations=36 (full 0):
 garbage-first heap   total 191488K, used 121323K [0x0000000080000000, 0x0000000100000000)
  region size 1024K, 5 young (5120K), 5 survivors (5120K)
 Metaspace       used 84809K, committed 86848K, reserved 1179648K
  class space    used 11326K, committed 12352K, reserved 1048576K
}
Event: 86.743 GC heap before
{Heap before GC invocations=36 (full 0):
 garbage-first heap   total 191488K, used 176619K [0x0000000080000000, 0x0000000100000000)
  region size 1024K, 58 young (59392K), 5 survivors (5120K)
 Metaspace       used 88479K, committed 90496K, reserved 1179648K
  class space    used 11797K, committed 12800K, reserved 1048576K
}
Event: 86.751 GC heap after
{Heap after GC invocations=37 (full 0):
 garbage-first heap   total 191488K, used 120279K [0x0000000080000000, 0x0000000100000000)
  region size 1024K, 4 young (4096K), 4 survivors (4096K)
 Metaspace       used 88479K, committed 90496K, reserved 1179648K
  class space    used 11797K, committed 12800K, reserved 1048576K
}
Event: 87.823 GC heap before
{Heap before GC invocations=37 (full 0):
 garbage-first heap   total 191488K, used 174551K [0x0000000080000000, 0x0000000100000000)
  region size 1024K, 57 young (58368K), 4 survivors (4096K)
 Metaspace       used 93903K, committed 96000K, reserved 1179648K
  class space    used 12501K, committed 13568K, reserved 1048576K
}
Event: 87.831 GC heap after
{Heap after GC invocations=38 (full 0):
 garbage-first heap   total 191488K, used 123104K [0x0000000080000000, 0x0000000100000000)
  region size 1024K, 7 young (7168K), 7 survivors (7168K)
 Metaspace       used 93903K, committed 96000K, reserved 1179648K
  class space    used 12501K, committed 13568K, reserved 1048576K
}
Event: 88.522 GC heap before
{Heap before GC invocations=39 (full 0):
 garbage-first heap   total 208896K, used 171232K [0x0000000080000000, 0x0000000100000000)
  region size 1024K, 54 young (55296K), 7 survivors (7168K)
 Metaspace       used 96632K, committed 98752K, reserved 1179648K
  class space    used 12898K, committed 13952K, reserved 1048576K
}
Event: 88.532 GC heap after
{Heap after GC invocations=40 (full 0):
 garbage-first heap   total 208896K, used 127370K [0x0000000080000000, 0x0000000100000000)
  region size 1024K, 7 young (7168K), 7 survivors (7168K)
 Metaspace       used 96632K, committed 98752K, reserved 1179648K
  class space    used 12898K, committed 13952K, reserved 1048576K
}
Event: 89.139 GC heap before
{Heap before GC invocations=40 (full 0):
 garbage-first heap   total 208896K, used 189834K [0x0000000080000000, 0x0000000100000000)
  region size 1024K, 68 young (69632K), 7 survivors (7168K)
 Metaspace       used 99529K, committed 101632K, reserved 1179648K
  class space    used 13286K, committed 14336K, reserved 1048576K
}
Event: 89.147 GC heap after
{Heap after GC invocations=41 (full 0):
 garbage-first heap   total 208896K, used 128437K [0x0000000080000000, 0x0000000100000000)
  region size 1024K, 7 young (7168K), 7 survivors (7168K)
 Metaspace       used 99529K, committed 101632K, reserved 1179648K
  class space    used 13286K, committed 14336K, reserved 1048576K
}

